b'r\x08\xe8\x1c\n'
b'l\x08\xe8\x1c\n'
b'l\x08\xe8\x1c\n'
b'f\x08\xe8\x1c\n'
b'f\x08\xe8\x1c\n'
b'f\x08\xe8\x1c\n'
b'l\x08\xe8\x1c\n'
b'\xb7\x08\xe8\x1c\n'
b'\xe9\x08\xe8\x1c\n'
b'!\t\xe8\x1c\n'
b'r\t\xe8\x1c\n'
b'\x98\t\xe8\x1c\n'
b'\xbd\t\xe8\x1c\n'
b'\xef\t\xe8\x1c\n'
b'\x0f\n'
b'\xe8\x1c\n'
b'!\n'
b'\xe8\x1c\n'
b'Z\n'
b'\xe8\x1c\n'
b'l\n'
b'\xe8\x1c\n'
b'\x7f\n'
b'\xe8\x1c\n'
b'\x9e\n'
b'\xe8\x1c\n'
b'\xab\n'
b'\xe8\x1c\n'
b'\xb7\n'
b'\xe8\x1c\n'
b'\xd0\n'
b'\xe8\x1c\n'
b'\xdd\n'
b'\xe8\x1c\n'
b'\xe9\n'
b'\xe8\x1c\n'
b'\x02\x0b\xe8\x1c\n'
b'\x0f\x0b\xe8\x1c\n'
b'\x15\x0b\xe8\x1c\n'
b'(\x0b\xe8\x1c\n'
b'.\x0b\xe8\x1c\n'
b'4\x0b\xe8\x1c\n'
b'A\x0b\xe8\x1c\n'
b'M\x0b\xe8\x1c\n'
b'T\x0b\xe8\x1c\n'
b'`\x0b\xe8\x1c\n'
b'f\x0b\xe8\x1c\n'
b'm\x0b\xe8\x1c\n'
b'y\x0b\xe8\x1c\n'
b'\x7f\x0b\xe8\x1c\n'
b'\x86\x0b\xe8\x1c\n'
b'\x92\x0b\xe8\x1c\n'
b'\x92\x0b\xe8\x1c\n'
b'\x98\x0b\xe8\x1c\n'
b'\x9f\x0b\xe8\x1c\n'
b'\xa5\x0b\xe8\x1c\n'
b'\xab\x0b\xe8\x1c\n'
b'\xb1\x0b\xe8\x1c\n'
b'\xb8\x0b\xe8\x1c\n'
b'\xb8\x0b\xe8\x1c\n'
b'\xbe\x0b\xe8\x1c\n'
b'\xc4\x0b\xe8\x1c\n'
b'\xc4\x0b\xe8\x1c\n'
b'\xca\x0b\xe8\x1c\n'
b'\xd1\x0b\xe8\x1c\n'
b'\xd7\x0b\xe8\x1c\n'
b'\xe3\x0b\xe8\x1c\n'
b'\xea\x0b\xe8\x1c\n'
b'\xf0\x0b\xe8\x1c\n'
b'\t\x0c\xe8\x1c\n'
b'\x15\x0c\xe8\x1c\n'
b'\x1c\x0c\xe8\x1c\n'
b'5\x0c\xe8\x1c\n'
b';\x0c\xe8\x1c\n'
b'T\x0c\xe8\x1c\n'
b'y\x0c\xe8\x1c\n'
b'\x8c\x0c\xe8\x1c\n'
b'\x99\x0c\xe8\x1c\n'
b'\xb8\x0c\xe8\x1c\n'
b'\xbe\x0c\xe8\x1c\n'
b'\xc4\x0c\xe8\x1c\n'
b'\xd1\x0c\xe8\x1c\n'
b'\xd1\x0c\xe8\x1c\n'
b'\xd1\x0c\xe8\x1c\n'
b'\xd7\x0c\xe8\x1c\n'
b'\xdd\x0c\xe8\x1c\n'
b'\xdd\x0c\xe8\x1c\n'
b'\xdd\x0c\xe8\x1c\n'
b'\xdd\x0c\xe8\x1c\n'
b'\xd7\x0c\xe8\x1c\n'
b'\xd7\x0c\xe8\x1c\n'
b'\xd1\x0c\xe8\x1c\n'
b'\xd1\x0c\xe8\x1c\n'
b'\xc4\x0c\xe8\x1c\n'
b'\xc4\x0c\xe8\x1c\n'
b'\xc4\x0c\xe8\x1c\n'
b'\xcb\x0c\xe8\x1c\n'
b'\xd1\x0c\xe8\x1c\n'
b'\xd7\x0c\xe8\x1c\n'
b'\xe4\x0c\xe8\x1c\n'
b'\xea\x0c\xe8\x1c\n'
b'\xea\x0c\xe8\x1c\n'
b'\xf6\x0c\xe8\x1c\n'
b'\xfd\x0c\xe8\x1c\n'
b'\x03\r\xe8\x1c\n'
b'\t\r\xe8\x1c\n'
b'\t\r\xe8\x1c\n'
b'\t\r\xe8\x1c\n'
b'\x03\r\xe8\x1c\n'
b'\xfd\x0c\xe8\x1c\n'
b'\xfd\x0c\xe8\x1c\n'
b'\xf6\x0c\xe8\x1c\n'
b'\xea\x0c\xe8\x1c\n'
b'\xea\x0c\xe8\x1c\n'
b'\xe4\x0c\xe8\x1c\n'
b'\xe4\x0c\xe8\x1c\n'
b'\xfd\x0c\xe8\x1c\n'
b'5\r\xe8\x1c\n'
b'H\r\xe8\x1c\n'
b'T\r\xe8\x1c\n'
b's\r\xe8\x1c\n'
b'z\r\xe8\x1c\n'
b'\x86\r\xe8\x1c\n'
b'\x99\r\xe8\x1c\n'
b'\x9f\r\xe8\x1c\n'
b'\x9f\r\xe8\x1c\n'
b'\xa5\r\xe8\x1c\n'
b'\xac\r\xe8\x1c\n'
b'\xb2\r\xe8\x1c\n'
b'\xb8\r\xe8\x1c\n'
b'\xb8\r\xe8\x1c\n'
b'\xb8\r\xe8\x1c\n'
b'\xbe\r\xe8\x1c\n'
b'\xbe\r\xe8\x1c\n'
b'\xc5\r\xe8\x1c\n'
b'\xc5\r\xe8\x1c\n'
b'\xea\r\xe8\x1c\n'
b'\xa6\x0e\xe8\x1c\n'
b'\xb9\x0f\xe8\x1c\n'
b'\xeb\x0f\xe8\x1c\n'
b'\xeb\x0f\xe8\x1c\n'
b'\xd8\x0f\xe8\x1c\n'
b'\xd8\x0f\xe8\x1c\n'
b'\xd2\x0f\xe8\x1c\n'
b'\xd2\x0f\xe8\x1c\n'
b'\xd2\x0f\xe8\x1c\n'
b'\xd2\x0f\xe8\x1c\n'
b'\xd2\x0f\xe8\x1c\n'
b'\xd2\x0f\xe8\x1c\n'
b'\xd8\x0f\xe8\x1c\n'
b'*\x12\xe8\x1c\n'
b'\xb9\x12\xe8\x1c\n'
b'\x11\x13\xe8\x1c\n'
b'\x81\x13\xe8\x1c\n'
b'\xa7\x13\xe8\x1c\n'
b'\xc6\x13\xe8\x1c\n'
b'\xf2\x13\xe8\x1c\n'
b'\xfe\x13\xe8\x1c\n'
b'\x0b\x14\xe8\x1c\n'
b'$\x14\xe8\x1c\n'
b'*\x14\xe8\x1c\n'
b'7\x14\xe8\x1c\n'
b'C\x14\xe8\x1c\n'
b'I\x14\xe8\x1c\n'
b'\\\x14\xe8\x1c\n'
b'\xb4\x15\xe8\x1c\n'
b'o\x16\xe8\x1c\n'
b'\xf3\x16\xe8\x1c\n'
b'c\x17\xe8\x1c\n'
b'\x82\x17\xe8\x1c\n'
b'\x95\x17\xe8\x1c\n'
b'\xb4\x17\xe8\x1c\n'
b'\xc1\x17\xe8\x1c\n'
b'\xcd\x17\xe8\x1c\n'
b'\xe6\x17\xe8\x1c\n'
b'\xed\x17\xe8\x1c\n'
b'\xf3\x17\xe8\x1c\n'
b'\x06\x18\xe8\x1c\n'
b'\x0c\x18\xe8\x1c\n'
b'\x1f\x18\xe8\x1c\n'
b'8\x18\xe8\x1c\n'
b'1\x18\xe8\x1c\n'
b'1\x18\xe8\x1c\n'
b'\x1f\x18\xe8\x1c\n'
b'\x18\x18\xe8\x1c\n'
b'+\x18\xe8\x1c\n'
b'\x12\x19\xe8\x1c\n'
b'Q\x19\xe8\x1c\n'
b'j\x19\xe8\x1c\n'
b'p\x19\xe8\x1c\n'
b'v\x19\xe8\x1c\n'
b'v\x19\xe8\x1c\n'
b'v\x19\xe8\x1c\n'
b'}\x19\xe8\x1c\n'
b'v\x19\xe8\x1c\n'
b'}\x19\xe8\x1c\n'
b'}\x19\xe8\x1c\n'
b'v\x19\xe8\x1c\n'
b'v\x19\xe8\x1c\n'
b'v\x19\xe8\x1c\n'
b'}\x19\xe8\x1c\n'
b'}\x19\xe8\x1c\n'
b'}\x19\xe8\x1c\n'
b'\x83\x19\xe8\x1c\n'
b'}\x19\xe8\x1c\n'
b'\x83\x19\xe8\x1c\n'
b'\x83\x19\xe8\x1c\n'
b'\x83\x19\xe8\x1c\n'
b'\x83\x19\xe8\x1c\n'
b'}\x19\xe8\x1c\n'
b'2\x1a\xe8\x1c\n'
b'\x96\x1b\xe8\x1c\n'
b'\xdb\x1c\xe8\x1c\n'
b'\xc9\x1e\xe8\x1c\n'
b'~\x1f\xe8\x1c\n'
b'\x0e \xe8\x1c\n'
b'\xdc \xe8\x1c\n'
b'M!\xe8\x1c\n'
b'S!\xe8\x1c\n'
b'\x85!\xe8\x1c\n'
b'\x8b!\xe8\x1c\n'
b'\x91!\xe8\x1c\n'
b'\xaa!\xe8\x1c\n'
b'\xbd!\xe8\x1c\n'
b'\xca!\xe8\x1c\n'
b'\xd6!\xe8\x1c\n'
b'\xdc!\xe8\x1c\n'
b'\xdc!\xe8\x1c\n'
b'\xe9!\xe8\x1c\n'
b'\xe9!\xe8\x1c\n'
b'\xf5!\xe8\x1c\n'
